<?xml version="1.0" encoding="UTF-8"?>
<testsuite name="com.tooltime.invoice.InvoiceSystemApplicationTests" tests="1" skipped="0" failures="0" errors="0" timestamp="2023-05-04T07:47:17" hostname="Joannes-MacBook-Air.local" time="0.186">
  <properties/>
  <testcase name="contextLoads()" classname="com.tooltime.invoice.InvoiceSystemApplicationTests" time="0.186"/>
  <system-out><![CDATA[09:47:14.986 [Test worker] DEBUG org.springframework.boot.test.context.SpringBootTestContextBootstrapper -- Neither @ContextConfiguration nor @ContextHierarchy found for test class [InvoiceSystemApplicationTests]: using SpringBootContextLoader
09:47:14.993 [Test worker] DEBUG org.springframework.test.context.support.AbstractContextLoader -- Could not detect default resource locations for test class [com.tooltime.invoice.InvoiceSystemApplicationTests]: no resource found for suffixes {-context.xml, Context.groovy}.
09:47:14.995 [Test worker] INFO org.springframework.test.context.support.AnnotationConfigContextLoaderUtils -- Could not detect default configuration classes for test class [com.tooltime.invoice.InvoiceSystemApplicationTests]: InvoiceSystemApplicationTests does not declare any static, non-private, non-final, nested classes annotated with @Configuration.
09:47:15.012 [Test worker] DEBUG org.springframework.boot.test.context.SpringBootTestContextBootstrapper -- Using ContextCustomizers for test class [InvoiceSystemApplicationTests]: [DisableObservabilityContextCustomizer, PropertyMappingContextCustomizer, Customizer, ExcludeFilterContextCustomizer, DuplicateJsonObjectContextCustomizer, MockitoContextCustomizer, TestRestTemplateContextCustomizer]
09:47:15.069 [Test worker] DEBUG org.springframework.context.annotation.ClassPathScanningCandidateComponentProvider -- Identified candidate component class: file [/Users/felipelucas/workspace/backend-challenge-felipe/build/classes/java/main/com/tooltime/invoice/InvoiceSystemApplication.class]
09:47:15.070 [Test worker] INFO org.springframework.boot.test.context.SpringBootTestContextBootstrapper -- Found @SpringBootConfiguration com.tooltime.invoice.InvoiceSystemApplication for test class com.tooltime.invoice.InvoiceSystemApplicationTests
09:47:15.167 [Test worker] DEBUG org.springframework.boot.test.context.SpringBootTestContextBootstrapper -- Using TestExecutionListeners for test class [InvoiceSystemApplicationTests]: [ServletTestExecutionListener, DirtiesContextBeforeModesTestExecutionListener, ApplicationEventsTestExecutionListener, MockitoTestExecutionListener, DependencyInjectionTestExecutionListener, DirtiesContextTestExecutionListener, TransactionalTestExecutionListener, SqlScriptsTestExecutionListener, EventPublishingTestExecutionListener, RestDocsTestExecutionListener, MockRestServiceServerResetTestExecutionListener, MockMvcPrintOnlyOnFailureTestExecutionListener, WebDriverTestExecutionListener, MockWebServiceServerTestExecutionListener, ResetMocksTestExecutionListener]
09:47:15.168 [Test worker] DEBUG org.springframework.test.context.support.AbstractDirtiesContextTestExecutionListener -- Before test class: class [InvoiceSystemApplicationTests], class annotated with @DirtiesContext [false] with mode [null]

  .   ____          _            __ _ _
 /\\ / ___'_ __ _ _(_)_ __  __ _ \ \ \ \
( ( )\___ | '_ | '_| | '_ \/ _` | \ \ \ \
 \\/  ___)| |_)| | | | | || (_| |  ) ) ) )
  '  |____| .__|_| |_|_| |_\__, | / / / /
 =========|_|==============|___/=/_/_/_/
 :: Spring Boot ::                (v3.0.6)

2023-05-04T09:47:15.414+02:00  INFO 93541 --- [    Test worker] c.t.i.InvoiceSystemApplicationTests      : Starting InvoiceSystemApplicationTests using Java 17.0.7 with PID 93541 (started by felipelucas in /Users/felipelucas/workspace/backend-challenge-felipe)
2023-05-04T09:47:15.416+02:00  INFO 93541 --- [    Test worker] c.t.i.InvoiceSystemApplicationTests      : No active profile set, falling back to 1 default profile: "default"
2023-05-04T09:47:15.859+02:00  INFO 93541 --- [    Test worker] .s.d.r.c.RepositoryConfigurationDelegate : Bootstrapping Spring Data JPA repositories in DEFAULT mode.
2023-05-04T09:47:15.872+02:00  INFO 93541 --- [    Test worker] .s.d.r.c.RepositoryConfigurationDelegate : Finished Spring Data repository scanning in 7 ms. Found 0 JPA repository interfaces.
2023-05-04T09:47:16.117+02:00  INFO 93541 --- [    Test worker] com.zaxxer.hikari.HikariDataSource       : HikariPool-1 - Starting...
2023-05-04T09:47:16.238+02:00  INFO 93541 --- [    Test worker] com.zaxxer.hikari.pool.HikariPool        : HikariPool-1 - Added connection conn0: url=jdbc:h2:mem:58e1f270-dda5-4a4d-ab87-d53f38daf1a1 user=SA
2023-05-04T09:47:16.239+02:00  INFO 93541 --- [    Test worker] com.zaxxer.hikari.HikariDataSource       : HikariPool-1 - Start completed.
2023-05-04T09:47:16.273+02:00  INFO 93541 --- [    Test worker] o.hibernate.jpa.internal.util.LogHelper  : HHH000204: Processing PersistenceUnitInfo [name: default]
2023-05-04T09:47:16.301+02:00  INFO 93541 --- [    Test worker] org.hibernate.Version                    : HHH000412: Hibernate ORM core version 6.1.7.Final
2023-05-04T09:47:16.480+02:00  INFO 93541 --- [    Test worker] SQL dialect                              : HHH000400: Using dialect: org.hibernate.dialect.H2Dialect
2023-05-04T09:47:16.643+02:00  INFO 93541 --- [    Test worker] o.h.e.t.j.p.i.JtaPlatformInitiator       : HHH000490: Using JtaPlatform implementation: [org.hibernate.engine.transaction.jta.platform.internal.NoJtaPlatform]
2023-05-04T09:47:16.649+02:00  INFO 93541 --- [    Test worker] j.LocalContainerEntityManagerFactoryBean : Initialized JPA EntityManagerFactory for persistence unit 'default'
2023-05-04T09:47:16.738+02:00  WARN 93541 --- [    Test worker] JpaBaseConfiguration$JpaWebConfiguration : spring.jpa.open-in-view is enabled by default. Therefore, database queries may be performed during view rendering. Explicitly configure spring.jpa.open-in-view to disable this warning
2023-05-04T09:47:17.008+02:00  INFO 93541 --- [    Test worker] c.t.i.InvoiceSystemApplicationTests      : Started InvoiceSystemApplicationTests in 1.799 seconds (process running for 2.671)
]]></system-out>
  <system-err><![CDATA[]]></system-err>
</testsuite>
